<?xml version="1.0" encoding="UTF-8"?>
<robot generator="Robot 4.1.3 (Python 3.10.2 on win32)" generated="20220306 22:39:06.831" rpa="false" schemaversion="2">
<suite id="s1" name="Saucedemo" source="C:\Users\SQUADRA\Documents\Test_SauceDemo\saucedemo.robot">
<test id="s1-t1" name="Teste Cartão Para Todos">
<kw name="Nova Sessão" library="base" type="SETUP">
<kw name="Open Browser" library="SeleniumLibrary">
<arg>${url}</arg>
<arg>chrome</arg>
<doc>Opens a new browser instance to the optional ``url``.</doc>
<msg timestamp="20220306 22:39:07.256" level="INFO">Opening browser 'chrome' to base url 'https://www.saucedemo.com'.</msg>
<status status="PASS" starttime="20220306 22:39:07.256" endtime="20220306 22:39:10.197"/>
</kw>
<status status="PASS" starttime="20220306 22:39:07.256" endtime="20220306 22:39:10.197"/>
</kw>
<kw name="Verificar titulo da página" library="title">
<kw name="Title Should Be" library="SeleniumLibrary">
<arg>Swag Labs</arg>
<arg>${url}</arg>
<doc>Verifies that the current page title equals ``title``.</doc>
<msg timestamp="20220306 22:39:10.209" level="INFO">Page title is 'Swag Labs'.</msg>
<status status="PASS" starttime="20220306 22:39:10.200" endtime="20220306 22:39:10.209"/>
</kw>
<status status="PASS" starttime="20220306 22:39:10.199" endtime="20220306 22:39:10.209"/>
</kw>
<kw name="Login com Sucesso" library="login_form">
<kw name="Input Text" library="SeleniumLibrary">
<arg>${username}</arg>
<arg>standard_user</arg>
<doc>Types the given ``text`` into the text field identified by ``locator``.</doc>
<msg timestamp="20220306 22:39:10.209" level="INFO">Typing text 'standard_user' into text field 'id:user-name'.</msg>
<status status="PASS" starttime="20220306 22:39:10.209" endtime="20220306 22:39:10.416"/>
</kw>
<kw name="Page Should Contain Textfield" library="SeleniumLibrary">
<arg>standard_user</arg>
<doc>Verifies text field ``locator`` is found from current page.</doc>
<msg timestamp="20220306 22:39:10.448" level="INFO">Current page contains text field 'standard_user'.</msg>
<status status="PASS" starttime="20220306 22:39:10.416" endtime="20220306 22:39:10.448"/>
</kw>
<kw name="Input Text" library="SeleniumLibrary">
<arg>${password}</arg>
<arg>secret_sauce</arg>
<doc>Types the given ``text`` into the text field identified by ``locator``.</doc>
<msg timestamp="20220306 22:39:10.455" level="INFO">Typing text 'secret_sauce' into text field 'id:password'.</msg>
<status status="PASS" starttime="20220306 22:39:10.448" endtime="20220306 22:39:10.624"/>
</kw>
<kw name="Page Should Contain Textfield" library="SeleniumLibrary">
<arg>secret_sauce</arg>
<doc>Verifies text field ``locator`` is found from current page.</doc>
<msg timestamp="20220306 22:39:10.649" level="INFO">Current page contains text field 'secret_sauce'.</msg>
<status status="PASS" starttime="20220306 22:39:10.624" endtime="20220306 22:39:10.649"/>
</kw>
<kw name="Click Button" library="SeleniumLibrary">
<arg>${btnlogin}</arg>
<doc>Clicks the button identified by ``locator``.</doc>
<msg timestamp="20220306 22:39:10.649" level="INFO">Clicking button 'id:login-button'.</msg>
<status status="PASS" starttime="20220306 22:39:10.649" endtime="20220306 22:39:10.833"/>
</kw>
<status status="PASS" starttime="20220306 22:39:10.209" endtime="20220306 22:39:10.833"/>
</kw>
<kw name="Ordenar os produtos do menor para maior preço e adicionar ao carrinho" library="cart">
<kw name="Select From List By Index" library="SeleniumLibrary">
<arg>${ordenapreco}</arg>
<arg>2</arg>
<doc>Selects options from selection list ``locator`` by ``indexes``.</doc>
<msg timestamp="20220306 22:39:10.833" level="INFO">Selecting options from selection list 'xpath://select' by index 2.</msg>
<status status="PASS" starttime="20220306 22:39:10.833" endtime="20220306 22:39:11.099"/>
</kw>
<kw name="Page Should Contain" library="SeleniumLibrary">
<arg>Price (low to high)</arg>
<doc>Verifies that current page contains ``text``.</doc>
<msg timestamp="20220306 22:39:11.132" level="INFO">Current page contains text 'Price (low to high)'.</msg>
<status status="PASS" starttime="20220306 22:39:11.099" endtime="20220306 22:39:11.132"/>
</kw>
<kw name="Click Element" library="SeleniumLibrary">
<arg>${saucelabsbike}</arg>
<doc>Click the element identified by ``locator``.</doc>
<msg timestamp="20220306 22:39:11.132" level="INFO">Clicking element 'id:add-to-cart-sauce-labs-bike-light'.</msg>
<status status="PASS" starttime="20220306 22:39:11.132" endtime="20220306 22:39:11.245"/>
</kw>
<kw name="Click Element" library="SeleniumLibrary">
<arg>${saucelabsonesie}</arg>
<doc>Click the element identified by ``locator``.</doc>
<msg timestamp="20220306 22:39:11.245" level="INFO">Clicking element 'id:add-to-cart-sauce-labs-onesie'.</msg>
<status status="PASS" starttime="20220306 22:39:11.245" endtime="20220306 22:39:11.344"/>
</kw>
<kw name="Click Element" library="SeleniumLibrary">
<arg>${carrinho}</arg>
<doc>Click the element identified by ``locator``.</doc>
<msg timestamp="20220306 22:39:11.345" level="INFO">Clicking element 'class:shopping_cart_badge'.</msg>
<status status="PASS" starttime="20220306 22:39:11.345" endtime="20220306 22:39:11.451"/>
</kw>
<kw name="Click Element" library="SeleniumLibrary">
<arg>${checkout}</arg>
<doc>Click the element identified by ``locator``.</doc>
<msg timestamp="20220306 22:39:11.451" level="INFO">Clicking element 'id:checkout'.</msg>
<status status="PASS" starttime="20220306 22:39:11.451" endtime="20220306 22:39:11.540"/>
</kw>
<status status="PASS" starttime="20220306 22:39:10.833" endtime="20220306 22:39:11.540"/>
</kw>
<kw name="Checkout" library="checkout">
<kw name="Input Text" library="SeleniumLibrary">
<arg>${firstname}</arg>
<arg>Renato</arg>
<doc>Types the given ``text`` into the text field identified by ``locator``.</doc>
<msg timestamp="20220306 22:39:11.546" level="INFO">Typing text 'Renato' into text field 'id:first-name'.</msg>
<status status="PASS" starttime="20220306 22:39:11.544" endtime="20220306 22:39:11.756"/>
</kw>
<kw name="Page Should Contain Textfield" library="SeleniumLibrary">
<arg>Renato</arg>
<doc>Verifies text field ``locator`` is found from current page.</doc>
<msg timestamp="20220306 22:39:11.799" level="INFO">Current page contains text field 'Renato'.</msg>
<status status="PASS" starttime="20220306 22:39:11.756" endtime="20220306 22:39:11.799"/>
</kw>
<kw name="Input Text" library="SeleniumLibrary">
<arg>${lastname}</arg>
<arg>Assis</arg>
<doc>Types the given ``text`` into the text field identified by ``locator``.</doc>
<msg timestamp="20220306 22:39:11.799" level="INFO">Typing text 'Assis' into text field 'id:last-name'.</msg>
<status status="PASS" starttime="20220306 22:39:11.799" endtime="20220306 22:39:11.977"/>
</kw>
<kw name="Page Should Contain Textfield" library="SeleniumLibrary">
<arg>Assis</arg>
<doc>Verifies text field ``locator`` is found from current page.</doc>
<msg timestamp="20220306 22:39:12.002" level="INFO">Current page contains text field 'Assis'.</msg>
<status status="PASS" starttime="20220306 22:39:11.977" endtime="20220306 22:39:12.002"/>
</kw>
<kw name="Input Text" library="SeleniumLibrary">
<arg>${postalcode}</arg>
<arg>40000000</arg>
<doc>Types the given ``text`` into the text field identified by ``locator``.</doc>
<msg timestamp="20220306 22:39:12.002" level="INFO">Typing text '40000000' into text field 'id:postal-code'.</msg>
<status status="PASS" starttime="20220306 22:39:12.002" endtime="20220306 22:39:12.180"/>
</kw>
<kw name="Page Should Contain Textfield" library="SeleniumLibrary">
<arg>40000000</arg>
<doc>Verifies text field ``locator`` is found from current page.</doc>
<msg timestamp="20220306 22:39:12.204" level="INFO">Current page contains text field '40000000'.</msg>
<status status="PASS" starttime="20220306 22:39:12.180" endtime="20220306 22:39:12.204"/>
</kw>
<kw name="Click Button" library="SeleniumLibrary">
<arg>${clkelement}</arg>
<doc>Clicks the button identified by ``locator``.</doc>
<msg timestamp="20220306 22:39:12.204" level="INFO">Clicking button 'id:continue'.</msg>
<status status="PASS" starttime="20220306 22:39:12.204" endtime="20220306 22:39:12.317"/>
</kw>
<kw name="Click Button" library="SeleniumLibrary">
<arg>${btnfinish}</arg>
<doc>Clicks the button identified by ``locator``.</doc>
<msg timestamp="20220306 22:39:12.317" level="INFO">Clicking button 'id:finish'.</msg>
<status status="PASS" starttime="20220306 22:39:12.317" endtime="20220306 22:39:12.427"/>
</kw>
<kw name="Element Text Should Be" library="SeleniumLibrary">
<arg>${message.text}</arg>
<arg>THANK YOU FOR YOUR ORDER</arg>
<doc>Verifies that element ``locator`` contains exact the text ``expected``.</doc>
<msg timestamp="20220306 22:39:12.427" level="INFO">Verifying element 'class:complete-header' contains exact text 'THANK YOU FOR YOUR ORDER'.</msg>
<status status="PASS" starttime="20220306 22:39:12.427" endtime="20220306 22:39:12.471"/>
</kw>
<status status="PASS" starttime="20220306 22:39:11.540" endtime="20220306 22:39:12.471"/>
</kw>
<kw name="Encerra Sessão" library="base" type="TEARDOWN">
<kw name="Capture Page Screenshot" library="SeleniumLibrary">
<doc>Takes a screenshot of the current page and embeds it into a log file.</doc>
<msg timestamp="20220306 22:39:12.587" level="INFO" html="true">&lt;/td&gt;&lt;/tr&gt;&lt;tr&gt;&lt;td colspan="3"&gt;&lt;a href="selenium-screenshot-1.png"&gt;&lt;img src="selenium-screenshot-1.png" width="800px"&gt;&lt;/a&gt;</msg>
<status status="PASS" starttime="20220306 22:39:12.471" endtime="20220306 22:39:12.587"/>
</kw>
<kw name="Close Browser" library="SeleniumLibrary">
<doc>Closes the current browser.</doc>
<status status="PASS" starttime="20220306 22:39:12.595" endtime="20220306 22:39:14.799"/>
</kw>
<status status="PASS" starttime="20220306 22:39:12.471" endtime="20220306 22:39:14.799"/>
</kw>
<status status="PASS" starttime="20220306 22:39:07.256" endtime="20220306 22:39:14.799"/>
</test>
<status status="PASS" starttime="20220306 22:39:06.836" endtime="20220306 22:39:14.806"/>
</suite>
<statistics>
<total>
<stat pass="1" fail="0" skip="0">All Tests</stat>
</total>
<tag>
</tag>
<suite>
<stat pass="1" fail="0" skip="0" id="s1" name="Saucedemo">Saucedemo</stat>
</suite>
</statistics>
<errors>
</errors>
</robot>
