<?xml version="1.0" encoding="UTF-8"?>
<robot generator="Robot 4.1.3 (Python 3.10.2 on linux)" generated="20220422 15:48:17.492" rpa="false" schemaversion="2">
<suite id="s1" name="SauceDemoBDD.tests" source="/home/squadra/Área de Trabalho/Test_SauceDemo_Robot/tests/SauceDemoBDD.tests.robot">
<test id="s1-t1" name="Cenário 01 - Fazer validação de um usuário ou senha inválido">
<kw name="Start Test" library="hooks.pages.commons" type="SETUP">
<kw name="Open Browser" library="SeleniumLibrary">
<arg>${URL_HOST}</arg>
<arg>${BROWSER}</arg>
<doc>Opens a new browser instance to the optional ``url``.</doc>
<msg timestamp="20220422 15:48:17.642" level="INFO">Opening browser 'chrome' to base url 'https://www.saucedemo.com'.</msg>
<status status="PASS" starttime="20220422 15:48:17.642" endtime="20220422 15:48:19.249"/>
</kw>
<kw name="Maximize Browser Window" library="SeleniumLibrary">
<doc>Maximizes current browser window.</doc>
<status status="PASS" starttime="20220422 15:48:19.249" endtime="20220422 15:48:19.356"/>
</kw>
<kw name="Set Selenium Implicit Wait" library="SeleniumLibrary">
<arg>${TIME_TO_WAIT}</arg>
<doc>Sets the implicit wait value used by Selenium.</doc>
<status status="PASS" starttime="20220422 15:48:19.356" endtime="20220422 15:48:19.360"/>
</kw>
<status status="PASS" starttime="20220422 15:48:17.641" endtime="20220422 15:48:19.360"/>
</kw>
<kw name="Dado que o usuário esteja na home page Saucedemo" library="SauceDemoHomePage.pages">
<kw name="Validar a página através do titulo" library="SauceDemoHomePage.pages">
<kw name="Title Should Be" library="SeleniumLibrary">
<arg>${TITULO_PAGINA}</arg>
<arg>${URL_HOST}</arg>
<doc>Verifies that the current page title equals ``title``.</doc>
<msg timestamp="20220422 15:48:19.378" level="INFO">Page title is 'Swag Labs'.</msg>
<status status="PASS" starttime="20220422 15:48:19.363" endtime="20220422 15:48:19.379"/>
</kw>
<status status="PASS" starttime="20220422 15:48:19.362" endtime="20220422 15:48:19.379"/>
</kw>
<status status="PASS" starttime="20220422 15:48:19.361" endtime="20220422 15:48:19.380"/>
</kw>
<kw name="Quando inserir um usuário" library="SauceDemoHomePage.pages">
<kw name="Inserir usuário" library="SauceDemoHomePage.pages">
<kw name="Input Text" library="SeleniumLibrary">
<arg>${CAMPO_USUARIO}</arg>
<arg>${USUARIO}</arg>
<doc>Types the given ``text`` into the text field identified by ``locator``.</doc>
<msg timestamp="20220422 15:48:19.384" level="INFO">Typing text 'standard_user' into text field 'id:user-name'.</msg>
<status status="PASS" starttime="20220422 15:48:19.383" endtime="20220422 15:48:19.504"/>
</kw>
<status status="PASS" starttime="20220422 15:48:19.382" endtime="20220422 15:48:19.505"/>
</kw>
<status status="PASS" starttime="20220422 15:48:19.380" endtime="20220422 15:48:19.505"/>
</kw>
<kw name="E inserir a senha invalida" library="SauceDemoHomePage.pages">
<kw name="Inserir senha invalida" library="SauceDemoHomePage.pages">
<kw name="Input Text" library="SeleniumLibrary">
<arg>${CAMPO_SENHA}</arg>
<arg>${SENHA_INVALIDA}</arg>
<doc>Types the given ``text`` into the text field identified by ``locator``.</doc>
<msg timestamp="20220422 15:48:19.506" level="INFO">Typing text 'ASDASDASD' into text field 'id:password'.</msg>
<status status="PASS" starttime="20220422 15:48:19.506" endtime="20220422 15:48:19.590"/>
</kw>
<status status="PASS" starttime="20220422 15:48:19.505" endtime="20220422 15:48:19.590"/>
</kw>
<status status="PASS" starttime="20220422 15:48:19.505" endtime="20220422 15:48:19.590"/>
</kw>
<kw name="E clicar no botão login" library="SauceDemoHomePage.pages">
<kw name="Clicar no botão login" library="SauceDemoHomePage.pages">
<kw name="Click Button" library="SeleniumLibrary">
<arg>${BOTAO_LOGIN}</arg>
<doc>Clicks the button identified by ``locator``.</doc>
<msg timestamp="20220422 15:48:19.592" level="INFO">Clicking button 'id:login-button'.</msg>
<status status="PASS" starttime="20220422 15:48:19.591" endtime="20220422 15:48:19.651"/>
</kw>
<status status="PASS" starttime="20220422 15:48:19.591" endtime="20220422 15:48:19.651"/>
</kw>
<status status="PASS" starttime="20220422 15:48:19.591" endtime="20220422 15:48:19.651"/>
</kw>
<kw name="Então deve ser exibido a mensagem Epic sadface: Username and password do not match any user in this service" library="SauceDemoHomePage.pages">
<kw name="Validar mensagem de usuário ou senha inválido" library="SauceDemoHomePage.pages">
<kw name="Wait Until Element Is Visible" library="SeleniumLibrary">
<arg>${CAMPO_USER_INVALIDO}</arg>
<doc>Waits until the element ``locator`` is visible.</doc>
<status status="PASS" starttime="20220422 15:48:19.652" endtime="20220422 15:48:19.676"/>
</kw>
<kw name="Page Should Contain Element" library="SeleniumLibrary">
<arg>${CAMPO_USER_INVALIDO}</arg>
<doc>Verifies that element ``locator`` is found on the current page.</doc>
<msg timestamp="20220422 15:48:19.683" level="INFO">Current page contains element '//h3[@data-test='error'][contains(.,'Epic sadface: Username and password do not match any user in this service')]'.</msg>
<status status="PASS" starttime="20220422 15:48:19.677" endtime="20220422 15:48:19.684"/>
</kw>
<status status="PASS" starttime="20220422 15:48:19.652" endtime="20220422 15:48:19.684"/>
</kw>
<status status="PASS" starttime="20220422 15:48:19.651" endtime="20220422 15:48:19.684"/>
</kw>
<kw name="Finish Test" library="hooks.pages.commons" type="TEARDOWN">
<kw name="Capture Page Screenshot" library="SeleniumLibrary">
<doc>Takes a screenshot of the current page and embeds it into a log file.</doc>
<msg timestamp="20220422 15:48:19.835" level="INFO" html="true">&lt;/td&gt;&lt;/tr&gt;&lt;tr&gt;&lt;td colspan="3"&gt;&lt;a href="selenium-screenshot-1.png"&gt;&lt;img src="selenium-screenshot-1.png" width="800px"&gt;&lt;/a&gt;</msg>
<status status="PASS" starttime="20220422 15:48:19.685" endtime="20220422 15:48:19.835"/>
</kw>
<kw name="Close Browser" library="SeleniumLibrary">
<doc>Closes the current browser.</doc>
<status status="PASS" starttime="20220422 15:48:19.835" endtime="20220422 15:48:19.895"/>
</kw>
<status status="PASS" starttime="20220422 15:48:19.684" endtime="20220422 15:48:19.895"/>
</kw>
<doc>Esse teste utiliza um usuário ou senha inválidos, valida no site
e deve retornar a mensagem "Epic sadface: Username and password do not match any user in this service".</doc>
<tag>login_usuario</tag>
<status status="PASS" starttime="20220422 15:48:17.640" endtime="20220422 15:48:19.895"/>
</test>
<test id="s1-t2" name="Cenário 02 - Fazer a compra de dois produtos">
<kw name="Start Test" library="hooks.pages.commons" type="SETUP">
<kw name="Open Browser" library="SeleniumLibrary">
<arg>${URL_HOST}</arg>
<arg>${BROWSER}</arg>
<doc>Opens a new browser instance to the optional ``url``.</doc>
<msg timestamp="20220422 15:48:19.900" level="INFO">Opening browser 'chrome' to base url 'https://www.saucedemo.com'.</msg>
<status status="PASS" starttime="20220422 15:48:19.899" endtime="20220422 15:48:21.383"/>
</kw>
<kw name="Maximize Browser Window" library="SeleniumLibrary">
<doc>Maximizes current browser window.</doc>
<status status="PASS" starttime="20220422 15:48:21.384" endtime="20220422 15:48:21.489"/>
</kw>
<kw name="Set Selenium Implicit Wait" library="SeleniumLibrary">
<arg>${TIME_TO_WAIT}</arg>
<doc>Sets the implicit wait value used by Selenium.</doc>
<status status="PASS" starttime="20220422 15:48:21.489" endtime="20220422 15:48:21.490"/>
</kw>
<status status="PASS" starttime="20220422 15:48:19.898" endtime="20220422 15:48:21.491"/>
</kw>
<kw name="Dado que o usuário esteja na home page Saucedemo" library="SauceDemoHomePage.pages">
<kw name="Validar a página através do titulo" library="SauceDemoHomePage.pages">
<kw name="Title Should Be" library="SeleniumLibrary">
<arg>${TITULO_PAGINA}</arg>
<arg>${URL_HOST}</arg>
<doc>Verifies that the current page title equals ``title``.</doc>
<msg timestamp="20220422 15:48:21.498" level="INFO">Page title is 'Swag Labs'.</msg>
<status status="PASS" starttime="20220422 15:48:21.492" endtime="20220422 15:48:21.498"/>
</kw>
<status status="PASS" starttime="20220422 15:48:21.492" endtime="20220422 15:48:21.498"/>
</kw>
<status status="PASS" starttime="20220422 15:48:21.491" endtime="20220422 15:48:21.499"/>
</kw>
<kw name="Quando o usuario fazer login com sucesso" library="SauceDemoHomePage.pages">
<kw name="Inserir usuário" library="SauceDemoHomePage.pages">
<kw name="Input Text" library="SeleniumLibrary">
<arg>${CAMPO_USUARIO}</arg>
<arg>${USUARIO}</arg>
<doc>Types the given ``text`` into the text field identified by ``locator``.</doc>
<msg timestamp="20220422 15:48:21.500" level="INFO">Typing text 'standard_user' into text field 'id:user-name'.</msg>
<status status="PASS" starttime="20220422 15:48:21.500" endtime="20220422 15:48:21.614"/>
</kw>
<status status="PASS" starttime="20220422 15:48:21.499" endtime="20220422 15:48:21.615"/>
</kw>
<kw name="Inserir senha" library="SauceDemoHomePage.pages">
<kw name="Input Text" library="SeleniumLibrary">
<arg>${CAMPO_SENHA}</arg>
<arg>${SENHA}</arg>
<doc>Types the given ``text`` into the text field identified by ``locator``.</doc>
<msg timestamp="20220422 15:48:21.616" level="INFO">Typing text 'secret_sauce' into text field 'id:password'.</msg>
<status status="PASS" starttime="20220422 15:48:21.615" endtime="20220422 15:48:21.700"/>
</kw>
<status status="PASS" starttime="20220422 15:48:21.615" endtime="20220422 15:48:21.700"/>
</kw>
<kw name="Clicar no botão login" library="SauceDemoHomePage.pages">
<kw name="Click Button" library="SeleniumLibrary">
<arg>${BOTAO_LOGIN}</arg>
<doc>Clicks the button identified by ``locator``.</doc>
<msg timestamp="20220422 15:48:21.701" level="INFO">Clicking button 'id:login-button'.</msg>
<status status="PASS" starttime="20220422 15:48:21.701" endtime="20220422 15:48:21.784"/>
</kw>
<status status="PASS" starttime="20220422 15:48:21.701" endtime="20220422 15:48:21.784"/>
</kw>
<status status="PASS" starttime="20220422 15:48:21.499" endtime="20220422 15:48:21.785"/>
</kw>
<kw name="Então deve exibir a página de produtos" library="SauceDemoHomePage.pages">
<kw name="Validar a pagina de produtos" library="SauceDemoHomePage.pages">
<kw name="Location Should Contain" library="SeleniumLibrary">
<arg>${URL_PRODUTOS}</arg>
<doc>Verifies that the current URL contains ``expected``.</doc>
<msg timestamp="20220422 15:48:21.792" level="INFO">Current location contains 'https://www.saucedemo.com/inventory.html'.</msg>
<status status="PASS" starttime="20220422 15:48:21.786" endtime="20220422 15:48:21.792"/>
</kw>
<status status="PASS" starttime="20220422 15:48:21.785" endtime="20220422 15:48:21.792"/>
</kw>
<status status="PASS" starttime="20220422 15:48:21.785" endtime="20220422 15:48:21.793"/>
</kw>
<kw name="E ordenar a listagem de produtos do menor para o maior" library="SauceDemoHomePage.pages">
<kw name="Ordenar os produtos do menor para maior preço" library="SauceDemoHomePage.pages">
<kw name="Select From List By Index" library="SeleniumLibrary">
<arg>${ORDENA_PRECO}</arg>
<arg>${ORDEM}</arg>
<doc>Selects options from selection list ``locator`` by ``indexes``.</doc>
<msg timestamp="20220422 15:48:21.795" level="INFO">Selecting options from selection list 'xpath://select' by index 2.</msg>
<status status="PASS" starttime="20220422 15:48:21.794" endtime="20220422 15:48:21.901"/>
</kw>
<kw name="Page Should Contain" library="SeleniumLibrary">
<arg>${VALIDA_ORDEM}</arg>
<doc>Verifies that current page contains ``text``.</doc>
<msg timestamp="20220422 15:48:21.914" level="INFO">Current page contains text 'Price (low to high)'.</msg>
<status status="PASS" starttime="20220422 15:48:21.901" endtime="20220422 15:48:21.914"/>
</kw>
<status status="PASS" starttime="20220422 15:48:21.793" endtime="20220422 15:48:21.914"/>
</kw>
<status status="PASS" starttime="20220422 15:48:21.793" endtime="20220422 15:48:21.914"/>
</kw>
<kw name="E adicionar dois produtos ao carrinho" library="SauceDemoHomePage.pages">
<kw name="Adicionar dois produtos ao carrinho" library="SauceDemoHomePage.pages">
<kw name="Click Element" library="SeleniumLibrary">
<arg>${PRIMEIRO_PRODUTO}</arg>
<doc>Click the element identified by ``locator``.</doc>
<msg timestamp="20220422 15:48:21.915" level="INFO">Clicking element 'id:add-to-cart-sauce-labs-bike-light'.</msg>
<status status="PASS" starttime="20220422 15:48:21.915" endtime="20220422 15:48:21.955"/>
</kw>
<kw name="Click Element" library="SeleniumLibrary">
<arg>${SEGUNDO_PRODUTO}</arg>
<doc>Click the element identified by ``locator``.</doc>
<msg timestamp="20220422 15:48:21.956" level="INFO">Clicking element 'id:add-to-cart-sauce-labs-onesie'.</msg>
<status status="PASS" starttime="20220422 15:48:21.956" endtime="20220422 15:48:22.009"/>
</kw>
<status status="PASS" starttime="20220422 15:48:21.915" endtime="20220422 15:48:22.009"/>
</kw>
<status status="PASS" starttime="20220422 15:48:21.914" endtime="20220422 15:48:22.009"/>
</kw>
<kw name="E clicar no botão carrinho" library="SauceDemoHomePage.pages">
<kw name="Clicar no botão carrinho" library="SauceDemoHomePage.pages">
<kw name="Click Element" library="SeleniumLibrary">
<arg>${BOTAO_CARRINHO}</arg>
<doc>Click the element identified by ``locator``.</doc>
<msg timestamp="20220422 15:48:22.011" level="INFO">Clicking element 'class:shopping_cart_badge'.</msg>
<status status="PASS" starttime="20220422 15:48:22.010" endtime="20220422 15:48:22.068"/>
</kw>
<status status="PASS" starttime="20220422 15:48:22.010" endtime="20220422 15:48:22.068"/>
</kw>
<status status="PASS" starttime="20220422 15:48:22.010" endtime="20220422 15:48:22.068"/>
</kw>
<kw name="E clicar no botão checkout" library="SauceDemoHomePage.pages">
<kw name="Clicar no botão Checkout" library="SauceDemoHomePage.pages">
<kw name="Click Element" library="SeleniumLibrary">
<arg>${BOTAO_CHECKOUT}</arg>
<doc>Click the element identified by ``locator``.</doc>
<msg timestamp="20220422 15:48:22.070" level="INFO">Clicking element 'id:checkout'.</msg>
<status status="PASS" starttime="20220422 15:48:22.069" endtime="20220422 15:48:22.117"/>
</kw>
<status status="PASS" starttime="20220422 15:48:22.069" endtime="20220422 15:48:22.117"/>
</kw>
<status status="PASS" starttime="20220422 15:48:22.069" endtime="20220422 15:48:22.117"/>
</kw>
<kw name="E preencher o formulário" library="SauceDemoHomePage.pages">
<kw name="Adicionar o primeiro nome ao campo do formulário" library="SauceDemoHomePage.pages">
<kw name="Input Text" library="SeleniumLibrary">
<arg>${CAMPO_PRIMEIRO_NOME}</arg>
<arg>${PRIMEIRO_NOME}</arg>
<doc>Types the given ``text`` into the text field identified by ``locator``.</doc>
<msg timestamp="20220422 15:48:22.119" level="INFO">Typing text 'Teste' into text field 'id:first-name'.</msg>
<status status="PASS" starttime="20220422 15:48:22.119" endtime="20220422 15:48:22.205"/>
</kw>
<kw name="Page Should Contain Textfield" library="SeleniumLibrary">
<arg>${PRIMEIRO_NOME}</arg>
<doc>Verifies text field ``locator`` is found from current page.</doc>
<msg timestamp="20220422 15:48:22.219" level="INFO">Current page contains text field 'Teste'.</msg>
<status status="PASS" starttime="20220422 15:48:22.205" endtime="20220422 15:48:22.219"/>
</kw>
<status status="PASS" starttime="20220422 15:48:22.118" endtime="20220422 15:48:22.219"/>
</kw>
<kw name="Adicionar ultimo nome ao campo do formulário" library="SauceDemoHomePage.pages">
<kw name="Input Text" library="SeleniumLibrary">
<arg>${CAMPO_ULTIMO_NOME}</arg>
<arg>${ULTIMO_NOME}</arg>
<doc>Types the given ``text`` into the text field identified by ``locator``.</doc>
<msg timestamp="20220422 15:48:22.220" level="INFO">Typing text 'Teste' into text field 'id:last-name'.</msg>
<status status="PASS" starttime="20220422 15:48:22.220" endtime="20220422 15:48:22.298"/>
</kw>
<kw name="Page Should Contain Textfield" library="SeleniumLibrary">
<arg>${ULTIMO_NOME}</arg>
<doc>Verifies text field ``locator`` is found from current page.</doc>
<msg timestamp="20220422 15:48:22.308" level="INFO">Current page contains text field 'Teste'.</msg>
<status status="PASS" starttime="20220422 15:48:22.298" endtime="20220422 15:48:22.308"/>
</kw>
<status status="PASS" starttime="20220422 15:48:22.219" endtime="20220422 15:48:22.308"/>
</kw>
<kw name="Adidicionar código postal ao campo do formulário" library="SauceDemoHomePage.pages">
<kw name="Input Text" library="SeleniumLibrary">
<arg>${CODIGO_POSTAL}</arg>
<arg>${CEP}</arg>
<doc>Types the given ``text`` into the text field identified by ``locator``.</doc>
<msg timestamp="20220422 15:48:22.309" level="INFO">Typing text '40000000' into text field 'id:postal-code'.</msg>
<status status="PASS" starttime="20220422 15:48:22.309" endtime="20220422 15:48:22.383"/>
</kw>
<kw name="Page Should Contain Textfield" library="SeleniumLibrary">
<arg>${CEP}</arg>
<doc>Verifies text field ``locator`` is found from current page.</doc>
<msg timestamp="20220422 15:48:22.396" level="INFO">Current page contains text field '40000000'.</msg>
<status status="PASS" starttime="20220422 15:48:22.384" endtime="20220422 15:48:22.396"/>
</kw>
<status status="PASS" starttime="20220422 15:48:22.308" endtime="20220422 15:48:22.396"/>
</kw>
<status status="PASS" starttime="20220422 15:48:22.118" endtime="20220422 15:48:22.396"/>
</kw>
<kw name="E clicar no botão continuar" library="SauceDemoHomePage.pages">
<kw name="Clicar no botão continue" library="SauceDemoHomePage.pages">
<kw name="Click Button" library="SeleniumLibrary">
<arg>${BOTAO_CONTINUE}</arg>
<doc>Clicks the button identified by ``locator``.</doc>
<msg timestamp="20220422 15:48:22.397" level="INFO">Clicking button 'id:continue'.</msg>
<status status="PASS" starttime="20220422 15:48:22.397" endtime="20220422 15:48:22.457"/>
</kw>
<status status="PASS" starttime="20220422 15:48:22.397" endtime="20220422 15:48:22.457"/>
</kw>
<status status="PASS" starttime="20220422 15:48:22.396" endtime="20220422 15:48:22.458"/>
</kw>
<kw name="E clicar no botão finish" library="SauceDemoHomePage.pages">
<kw name="Clicar no botão finish" library="SauceDemoHomePage.pages">
<kw name="Click Button" library="SeleniumLibrary">
<arg>${BOTAO_FINISH}</arg>
<doc>Clicks the button identified by ``locator``.</doc>
<msg timestamp="20220422 15:48:22.460" level="INFO">Clicking button 'id:finish'.</msg>
<status status="PASS" starttime="20220422 15:48:22.459" endtime="20220422 15:48:22.523"/>
</kw>
<status status="PASS" starttime="20220422 15:48:22.459" endtime="20220422 15:48:22.523"/>
</kw>
<status status="PASS" starttime="20220422 15:48:22.458" endtime="20220422 15:48:22.523"/>
</kw>
<kw name="Emtão validar a mensagem de confirmação de checkout" library="SauceDemoHomePage.pages">
<kw name="Validar a mensagem de confirmação de checkout" library="SauceDemoHomePage.pages">
<kw name="Element Text Should Be" library="SeleniumLibrary">
<arg>${CAMPO_MENSAGEM}</arg>
<arg>${MENSAGEM_VALIDACAO}</arg>
<doc>Verifies that element ``locator`` contains exact the text ``expected``.</doc>
<msg timestamp="20220422 15:48:22.525" level="INFO">Verifying element 'class:complete-header' contains exact text 'THANK YOU FOR YOUR ORDER'.</msg>
<status status="PASS" starttime="20220422 15:48:22.524" endtime="20220422 15:48:22.550"/>
</kw>
<status status="PASS" starttime="20220422 15:48:22.524" endtime="20220422 15:48:22.550"/>
</kw>
<status status="PASS" starttime="20220422 15:48:22.523" endtime="20220422 15:48:22.551"/>
</kw>
<kw name="Finish Test" library="hooks.pages.commons" type="TEARDOWN">
<kw name="Capture Page Screenshot" library="SeleniumLibrary">
<doc>Takes a screenshot of the current page and embeds it into a log file.</doc>
<msg timestamp="20220422 15:48:22.662" level="INFO" html="true">&lt;/td&gt;&lt;/tr&gt;&lt;tr&gt;&lt;td colspan="3"&gt;&lt;a href="selenium-screenshot-2.png"&gt;&lt;img src="selenium-screenshot-2.png" width="800px"&gt;&lt;/a&gt;</msg>
<status status="PASS" starttime="20220422 15:48:22.551" endtime="20220422 15:48:22.663"/>
</kw>
<kw name="Close Browser" library="SeleniumLibrary">
<doc>Closes the current browser.</doc>
<status status="PASS" starttime="20220422 15:48:22.663" endtime="20220422 15:48:22.723"/>
</kw>
<status status="PASS" starttime="20220422 15:48:22.551" endtime="20220422 15:48:22.723"/>
</kw>
<doc>Nesse teste efetuaremos a compra de dois produtos.</doc>
<tag>busca_produto</tag>
<status status="PASS" starttime="20220422 15:48:19.896" endtime="20220422 15:48:22.723"/>
</test>
<status status="PASS" starttime="20220422 15:48:17.492" endtime="20220422 15:48:22.724"/>
</suite>
<statistics>
<total>
<stat pass="2" fail="0" skip="0">All Tests</stat>
</total>
<tag>
<stat pass="1" fail="0" skip="0">busca_produto</stat>
<stat pass="1" fail="0" skip="0">login_usuario</stat>
</tag>
<suite>
<stat pass="2" fail="0" skip="0" id="s1" name="SauceDemoBDD.tests">SauceDemoBDD.tests</stat>
</suite>
</statistics>
<errors>
</errors>
</robot>
